info it worked if it ends with ok
verbose cli [ '/usr/bin/nodejs', '/usr/bin/npm', 'install', 'child_process' ]
info using npm@1.1.4
info using node@v0.6.19
verbose config file /home/jhh/.npmrc
verbose config file /usr/etc/npmrc
verbose config file /usr/share/npm/npmrc
verbose caching /srv/node_modules/http/package.json
verbose caching /srv/node_modules/moment/package.json
verbose caching /srv/node_modules/http-proxy/package.json
verbose caching /srv/node_modules/phantom/package.json
verbose cache add [ 'child_process', null ]
silly cache add: name, spec, args [ undefined, 'child_process', [ 'child_process', null ] ]
verbose parsed url { pathname: 'child_process',
verbose parsed url   path: 'child_process',
verbose parsed url   href: 'child_process' }
verbose addNamed [ 'child_process', '' ]
verbose addNamed [ null, '' ]
silly name, range, hasData [ 'child_process', '', false ]
verbose raw, before any munging child_process
verbose url resolving [ 'https://registry.npmjs.org/', './child_process' ]
verbose url resolved https://registry.npmjs.org/child_process
http GET https://registry.npmjs.org/child_process
http 404 https://registry.npmjs.org/child_process
silly get cb [ 404,
silly get cb   { server: 'CouchDB/1.2.0 (Erlang OTP/R15B)',
silly get cb     date: 'Fri, 09 Nov 2012 11:35:19 GMT',
silly get cb     'content-type': 'application/json',
silly get cb     'content-length': '52',
silly get cb     'cache-control': 'must-revalidate' } ]
ERR! 404 'child_process' is not in the npm registry.
ERR! 404 You should bug the author to publish it
ERR! 404 Note that you can also install from a
ERR! 404 tarball, folder, or http url, or git url.
ERR! 
ERR! System Linux 3.5.0-18-generic
ERR! command "/usr/bin/nodejs" "/usr/bin/npm" "install" "child_process"
ERR! cwd /srv/NodeSnapshot
ERR! node -v v0.6.19
ERR! npm -v 1.1.4
ERR! code E404
ERR! message 404 Not Found: child_process
ERR! errno {}
verbose exit [ 1, true ]
